May 23, 2014 7:39:01 AM org.apache.pdfbox.cos.COSDocument finalize
WARNING: Warning: You did not close a PDF Document
May 23, 2014 7:39:01 AM org.apache.pdfbox.cos.COSDocument finalize
WARNING: Warning: You did not close a PDF Document
May 23, 2014 7:39:01 AM org.apache.pdfbox.pdmodel.common.PDNumberTreeNode getValue
WARNING: NumberTreeNode does not have "nums" nor "kids" objects.
May 23, 2014 7:39:01 AM org.apache.pdfbox.cos.COSDocument finalize
WARNING: Warning: You did not close a PDF Document
May 23, 2014 7:39:01 AM org.apache.pdfbox.cos.COSDocument finalize
WARNING: Warning: You did not close a PDF Document
May 23, 2014 7:39:01 AM org.apache.pdfbox.cos.COSDocument finalize
WARNING: Warning: You did not close a PDF Document
May 23, 2014 7:39:01 AM org.apache.pdfbox.cos.COSDocument finalize
WARNING: Warning: You did not close a PDF Document
May 23, 2014 7:39:05 AM org.apache.pdfbox.util.TestImageIOUtils doTestFile
INFO: Preparing to convert ccitt4-cib-test.pdf
May 23, 2014 7:39:06 AM org.apache.pdfbox.util.TestImageIOUtils writeImage
INFO: Writing: target/test-output/ImageIOUtil/ccitt4-cib-test.pdf-1.png
May 23, 2014 7:39:07 AM org.apache.pdfbox.util.TestImageIOUtils writeImage
INFO: Writing: target/test-output/ImageIOUtil/ccitt4-cib-test.pdf-1.jpg
May 23, 2014 7:39:08 AM org.apache.pdfbox.util.TestImageIOUtils writeImage
INFO: Writing: target/test-output/ImageIOUtil/ccitt4-cib-test.pdf-1.bmp
May 23, 2014 7:39:09 AM org.apache.pdfbox.util.TestImageIOUtils writeImage
INFO: Writing: target/test-output/ImageIOUtil/ccitt4-cib-test.pdf-1.gif
May 23, 2014 7:39:10 AM org.apache.pdfbox.util.TestImageIOUtils writeImage
INFO: Writing: target/test-output/ImageIOUtil/ccitt4-cib-test.pdf-1.wbmp
May 23, 2014 7:39:10 AM org.apache.pdfbox.util.TestImageIOUtils writeImage
INFO: Writing: target/test-output/ImageIOUtil/ccitt4-cib-test.pdf-bw-1.tif
May 23, 2014 7:39:11 AM org.apache.pdfbox.util.TestImageIOUtils writeImage
INFO: Writing: target/test-output/ImageIOUtil/ccitt4-cib-test.pdf-co-1.tif
May 23, 2014 7:39:11 AM org.apache.pdfbox.util.TestImageIOUtils doTestFile
INFO: Preparing to convert JBIG2Image.pdf
May 23, 2014 7:39:11 AM com.levigo.jbig2.util.log.JDKLogger info
INFO: JBIG2ReadParam not specified. Default will be used.
May 23, 2014 7:39:11 AM com.levigo.jbig2.util.log.JDKLogger info
INFO: Globals not set.
May 23, 2014 7:39:11 AM org.apache.pdfbox.util.TestImageIOUtils writeImage
INFO: Writing: target/test-output/ImageIOUtil/JBIG2Image.pdf-1.png
May 23, 2014 7:39:12 AM org.apache.pdfbox.util.TestImageIOUtils writeImage
INFO: Writing: target/test-output/ImageIOUtil/JBIG2Image.pdf-1.jpg
May 23, 2014 7:39:12 AM org.apache.pdfbox.util.TestImageIOUtils writeImage
INFO: Writing: target/test-output/ImageIOUtil/JBIG2Image.pdf-1.bmp
May 23, 2014 7:39:12 AM org.apache.pdfbox.util.TestImageIOUtils writeImage
INFO: Writing: target/test-output/ImageIOUtil/JBIG2Image.pdf-1.gif
May 23, 2014 7:39:12 AM org.apache.pdfbox.util.TestImageIOUtils writeImage
INFO: Writing: target/test-output/ImageIOUtil/JBIG2Image.pdf-1.wbmp
May 23, 2014 7:39:12 AM org.apache.pdfbox.util.TestImageIOUtils writeImage
INFO: Writing: target/test-output/ImageIOUtil/JBIG2Image.pdf-bw-1.tif
May 23, 2014 7:39:12 AM org.apache.pdfbox.util.TestImageIOUtils writeImage
INFO: Writing: target/test-output/ImageIOUtil/JBIG2Image.pdf-co-1.tif
May 23, 2014 7:39:12 AM org.apache.pdfbox.util.TestImageIOUtils doTestFile
INFO: Preparing to convert jpeg_demo.pdf
May 23, 2014 7:39:13 AM org.apache.pdfbox.util.TestImageIOUtils writeImage
INFO: Writing: target/test-output/ImageIOUtil/jpeg_demo.pdf-1.png
May 23, 2014 7:39:13 AM org.apache.pdfbox.util.TestImageIOUtils writeImage
INFO: Writing: target/test-output/ImageIOUtil/jpeg_demo.pdf-1.jpg
May 23, 2014 7:39:14 AM org.apache.pdfbox.util.TestImageIOUtils writeImage
INFO: Writing: target/test-output/ImageIOUtil/jpeg_demo.pdf-1.bmp
May 23, 2014 7:39:14 AM org.apache.pdfbox.util.TestImageIOUtils writeImage
INFO: Writing: target/test-output/ImageIOUtil/jpeg_demo.pdf-1.gif
May 23, 2014 7:39:14 AM org.apache.pdfbox.util.TestImageIOUtils writeImage
INFO: Writing: target/test-output/ImageIOUtil/jpeg_demo.pdf-1.wbmp
May 23, 2014 7:39:14 AM org.apache.pdfbox.util.TestImageIOUtils writeImage
INFO: Writing: target/test-output/ImageIOUtil/jpeg_demo.pdf-bw-1.tif
May 23, 2014 7:39:15 AM org.apache.pdfbox.util.TestImageIOUtils writeImage
INFO: Writing: target/test-output/ImageIOUtil/jpeg_demo.pdf-co-1.tif
May 23, 2014 7:39:15 AM org.apache.pdfbox.util.TestImageIOUtils doTestFile
INFO: Preparing to convert JPXTestCMYK.pdf
May 23, 2014 7:39:17 AM org.apache.pdfbox.util.PDFStreamEngine processOperator
INFO: unsupported/disabled operation: BDC
May 23, 2014 7:39:17 AM org.apache.pdfbox.util.PDFStreamEngine processOperator
INFO: unsupported/disabled operation: EMC
May 23, 2014 7:39:17 AM org.apache.pdfbox.util.TestImageIOUtils writeImage
INFO: Writing: target/test-output/ImageIOUtil/JPXTestCMYK.pdf-1.png
May 23, 2014 7:39:17 AM org.apache.pdfbox.util.PDFStreamEngine processOperator
INFO: unsupported/disabled operation: BDC
May 23, 2014 7:39:17 AM org.apache.pdfbox.util.PDFStreamEngine processOperator
INFO: unsupported/disabled operation: EMC
May 23, 2014 7:39:17 AM org.apache.pdfbox.util.TestImageIOUtils writeImage
INFO: Writing: target/test-output/ImageIOUtil/JPXTestCMYK.pdf-1.jpg
May 23, 2014 7:39:18 AM org.apache.pdfbox.util.PDFStreamEngine processOperator
INFO: unsupported/disabled operation: BDC
May 23, 2014 7:39:18 AM org.apache.pdfbox.util.PDFStreamEngine processOperator
INFO: unsupported/disabled operation: EMC
May 23, 2014 7:39:18 AM org.apache.pdfbox.util.TestImageIOUtils writeImage
INFO: Writing: target/test-output/ImageIOUtil/JPXTestCMYK.pdf-1.bmp
May 23, 2014 7:39:18 AM org.apache.pdfbox.util.PDFStreamEngine processOperator
INFO: unsupported/disabled operation: BDC
May 23, 2014 7:39:18 AM org.apache.pdfbox.util.PDFStreamEngine processOperator
INFO: unsupported/disabled operation: EMC
May 23, 2014 7:39:18 AM org.apache.pdfbox.util.TestImageIOUtils writeImage
INFO: Writing: target/test-output/ImageIOUtil/JPXTestCMYK.pdf-1.gif
May 23, 2014 7:39:19 AM org.apache.pdfbox.util.PDFStreamEngine processOperator
INFO: unsupported/disabled operation: BDC
May 23, 2014 7:39:19 AM org.apache.pdfbox.util.PDFStreamEngine processOperator
INFO: unsupported/disabled operation: EMC
May 23, 2014 7:39:19 AM org.apache.pdfbox.util.TestImageIOUtils writeImage
INFO: Writing: target/test-output/ImageIOUtil/JPXTestCMYK.pdf-1.wbmp
May 23, 2014 7:39:19 AM org.apache.pdfbox.util.PDFStreamEngine processOperator
INFO: unsupported/disabled operation: BDC
May 23, 2014 7:39:19 AM org.apache.pdfbox.util.PDFStreamEngine processOperator
INFO: unsupported/disabled operation: EMC
May 23, 2014 7:39:19 AM org.apache.pdfbox.util.TestImageIOUtils writeImage
INFO: Writing: target/test-output/ImageIOUtil/JPXTestCMYK.pdf-bw-1.tif
May 23, 2014 7:39:19 AM org.apache.pdfbox.util.PDFStreamEngine processOperator
INFO: unsupported/disabled operation: BDC
May 23, 2014 7:39:19 AM org.apache.pdfbox.util.PDFStreamEngine processOperator
INFO: unsupported/disabled operation: EMC
May 23, 2014 7:39:19 AM org.apache.pdfbox.util.TestImageIOUtils writeImage
INFO: Writing: target/test-output/ImageIOUtil/JPXTestCMYK.pdf-co-1.tif
May 23, 2014 7:39:20 AM org.apache.pdfbox.util.TestImageIOUtils doTestFile
INFO: Preparing to convert JPXTestGrey.pdf
May 23, 2014 7:39:20 AM org.apache.pdfbox.util.TestImageIOUtils writeImage
INFO: Writing: target/test-output/ImageIOUtil/JPXTestGrey.pdf-1.png
May 23, 2014 7:39:21 AM org.apache.pdfbox.util.TestImageIOUtils writeImage
INFO: Writing: target/test-output/ImageIOUtil/JPXTestGrey.pdf-1.jpg
May 23, 2014 7:39:21 AM org.apache.pdfbox.util.TestImageIOUtils writeImage
INFO: Writing: target/test-output/ImageIOUtil/JPXTestGrey.pdf-1.bmp
May 23, 2014 7:39:21 AM org.apache.pdfbox.util.TestImageIOUtils writeImage
INFO: Writing: target/test-output/ImageIOUtil/JPXTestGrey.pdf-1.gif
May 23, 2014 7:39:22 AM org.apache.pdfbox.util.TestImageIOUtils writeImage
INFO: Writing: target/test-output/ImageIOUtil/JPXTestGrey.pdf-1.wbmp
May 23, 2014 7:39:22 AM org.apache.pdfbox.util.TestImageIOUtils writeImage
INFO: Writing: target/test-output/ImageIOUtil/JPXTestGrey.pdf-bw-1.tif
May 23, 2014 7:39:22 AM org.apache.pdfbox.util.TestImageIOUtils writeImage
INFO: Writing: target/test-output/ImageIOUtil/JPXTestGrey.pdf-co-1.tif
May 23, 2014 7:39:23 AM org.apache.pdfbox.util.TestImageIOUtils doTestFile
INFO: Preparing to convert JPXTestRGB.pdf
May 23, 2014 7:39:23 AM org.apache.pdfbox.util.PDFStreamEngine processOperator
INFO: unsupported/disabled operation: BDC
May 23, 2014 7:39:23 AM org.apache.pdfbox.util.PDFStreamEngine processOperator
INFO: unsupported/disabled operation: EMC
May 23, 2014 7:39:23 AM org.apache.pdfbox.util.TestImageIOUtils writeImage
INFO: Writing: target/test-output/ImageIOUtil/JPXTestRGB.pdf-1.png
May 23, 2014 7:39:24 AM org.apache.pdfbox.util.PDFStreamEngine processOperator
INFO: unsupported/disabled operation: BDC
May 23, 2014 7:39:24 AM org.apache.pdfbox.util.PDFStreamEngine processOperator
INFO: unsupported/disabled operation: EMC
May 23, 2014 7:39:24 AM org.apache.pdfbox.util.TestImageIOUtils writeImage
INFO: Writing: target/test-output/ImageIOUtil/JPXTestRGB.pdf-1.jpg
May 23, 2014 7:39:24 AM org.apache.pdfbox.util.PDFStreamEngine processOperator
INFO: unsupported/disabled operation: BDC
May 23, 2014 7:39:24 AM org.apache.pdfbox.util.PDFStreamEngine processOperator
INFO: unsupported/disabled operation: EMC
May 23, 2014 7:39:24 AM org.apache.pdfbox.util.TestImageIOUtils writeImage
INFO: Writing: target/test-output/ImageIOUtil/JPXTestRGB.pdf-1.bmp
May 23, 2014 7:39:25 AM org.apache.pdfbox.util.PDFStreamEngine processOperator
INFO: unsupported/disabled operation: BDC
May 23, 2014 7:39:25 AM org.apache.pdfbox.util.PDFStreamEngine processOperator
INFO: unsupported/disabled operation: EMC
May 23, 2014 7:39:25 AM org.apache.pdfbox.util.TestImageIOUtils writeImage
INFO: Writing: target/test-output/ImageIOUtil/JPXTestRGB.pdf-1.gif
May 23, 2014 7:39:25 AM org.apache.pdfbox.util.PDFStreamEngine processOperator
INFO: unsupported/disabled operation: BDC
May 23, 2014 7:39:25 AM org.apache.pdfbox.util.PDFStreamEngine processOperator
INFO: unsupported/disabled operation: EMC
May 23, 2014 7:39:25 AM org.apache.pdfbox.util.TestImageIOUtils writeImage
INFO: Writing: target/test-output/ImageIOUtil/JPXTestRGB.pdf-1.wbmp
May 23, 2014 7:39:26 AM org.apache.pdfbox.util.PDFStreamEngine processOperator
INFO: unsupported/disabled operation: BDC
May 23, 2014 7:39:26 AM org.apache.pdfbox.util.PDFStreamEngine processOperator
INFO: unsupported/disabled operation: EMC
May 23, 2014 7:39:26 AM org.apache.pdfbox.util.TestImageIOUtils writeImage
INFO: Writing: target/test-output/ImageIOUtil/JPXTestRGB.pdf-bw-1.tif
May 23, 2014 7:39:26 AM org.apache.pdfbox.util.PDFStreamEngine processOperator
INFO: unsupported/disabled operation: BDC
May 23, 2014 7:39:26 AM org.apache.pdfbox.util.PDFStreamEngine processOperator
INFO: unsupported/disabled operation: EMC
May 23, 2014 7:39:26 AM org.apache.pdfbox.util.TestImageIOUtils writeImage
INFO: Writing: target/test-output/ImageIOUtil/JPXTestRGB.pdf-co-1.tif
May 23, 2014 7:39:26 AM org.apache.pdfbox.util.TestImageIOUtils doTestFile
INFO: Preparing to convert png_demo.pdf
May 23, 2014 7:39:26 AM org.apache.pdfbox.util.TestImageIOUtils writeImage
INFO: Writing: target/test-output/ImageIOUtil/png_demo.pdf-1.png
May 23, 2014 7:39:27 AM org.apache.pdfbox.util.TestImageIOUtils writeImage
INFO: Writing: target/test-output/ImageIOUtil/png_demo.pdf-1.jpg
May 23, 2014 7:39:27 AM org.apache.pdfbox.util.TestImageIOUtils writeImage
INFO: Writing: target/test-output/ImageIOUtil/png_demo.pdf-1.bmp
May 23, 2014 7:39:27 AM org.apache.pdfbox.util.TestImageIOUtils writeImage
INFO: Writing: target/test-output/ImageIOUtil/png_demo.pdf-1.gif
May 23, 2014 7:39:28 AM org.apache.pdfbox.util.TestImageIOUtils writeImage
INFO: Writing: target/test-output/ImageIOUtil/png_demo.pdf-1.wbmp
May 23, 2014 7:39:28 AM org.apache.pdfbox.util.TestImageIOUtils writeImage
INFO: Writing: target/test-output/ImageIOUtil/png_demo.pdf-bw-1.tif
May 23, 2014 7:39:28 AM org.apache.pdfbox.util.TestImageIOUtils writeImage
INFO: Writing: target/test-output/ImageIOUtil/png_demo.pdf-co-1.tif
May 23, 2014 7:39:29 AM org.apache.pdfbox.util.TestImageIOUtils doTestFile
INFO: Preparing to convert raw_image_demo.pdf
May 23, 2014 7:39:29 AM org.apache.pdfbox.util.TestImageIOUtils writeImage
INFO: Writing: target/test-output/ImageIOUtil/raw_image_demo.pdf-1.png
May 23, 2014 7:39:29 AM org.apache.pdfbox.util.TestImageIOUtils writeImage
INFO: Writing: target/test-output/ImageIOUtil/raw_image_demo.pdf-1.jpg
May 23, 2014 7:39:29 AM org.apache.pdfbox.util.TestImageIOUtils writeImage
INFO: Writing: target/test-output/ImageIOUtil/raw_image_demo.pdf-1.bmp
May 23, 2014 7:39:29 AM org.apache.pdfbox.util.TestImageIOUtils writeImage
INFO: Writing: target/test-output/ImageIOUtil/raw_image_demo.pdf-1.gif
May 23, 2014 7:39:29 AM org.apache.pdfbox.util.TestImageIOUtils writeImage
INFO: Writing: target/test-output/ImageIOUtil/raw_image_demo.pdf-1.wbmp
May 23, 2014 7:39:29 AM org.apache.pdfbox.util.TestImageIOUtils writeImage
INFO: Writing: target/test-output/ImageIOUtil/raw_image_demo.pdf-bw-1.tif
May 23, 2014 7:39:29 AM org.apache.pdfbox.util.TestImageIOUtils writeImage
INFO: Writing: target/test-output/ImageIOUtil/raw_image_demo.pdf-co-1.tif
May 23, 2014 7:39:29 AM org.apache.pdfbox.util.PDFStreamEngine processOperator
INFO: unsupported/disabled operation: BDC
May 23, 2014 7:39:29 AM org.apache.pdfbox.util.PDFStreamEngine processOperator
INFO: unsupported/disabled operation: i
May 23, 2014 7:39:29 AM org.apache.pdfbox.util.PDFStreamEngine processOperator
INFO: unsupported/disabled operation: BDC
May 23, 2014 7:39:29 AM org.apache.pdfbox.util.PDFStreamEngine processOperator
INFO: unsupported/disabled operation: BDC
May 23, 2014 7:39:29 AM org.apache.pdfbox.util.PDFStreamEngine processOperator
INFO: unsupported/disabled operation: EMC
May 23, 2014 7:39:29 AM org.apache.pdfbox.util.PDFStreamEngine processOperator
INFO: unsupported/disabled operation: EMC
May 23, 2014 7:39:29 AM org.apache.pdfbox.util.PDFStreamEngine processOperator
INFO: unsupported/disabled operation: BDC
May 23, 2014 7:39:29 AM org.apache.pdfbox.util.PDFStreamEngine processOperator
INFO: unsupported/disabled operation: EMC
May 23, 2014 7:39:30 AM org.apache.pdfbox.util.PDFStreamEngine processOperator
INFO: unsupported/disabled operation: i
May 23, 2014 7:39:30 AM org.apache.pdfbox.util.PDFStreamEngine processOperator
INFO: unsupported/disabled operation: BDC
May 23, 2014 7:39:30 AM org.apache.pdfbox.util.PDFStreamEngine processOperator
INFO: unsupported/disabled operation: EMC
May 23, 2014 7:39:30 AM org.apache.pdfbox.util.PDFStreamEngine processOperator
INFO: unsupported/disabled operation: EMC
May 23, 2014 7:39:31 AM org.apache.pdfbox.util.TestTextStripper doTestFile
INFO: Preparing to parse allah2.pdf for standard test
May 23, 2014 7:39:31 AM org.apache.pdfbox.util.TestTextStripper doTestFile
INFO: Preparing to parse allah2.pdf for sorted test
May 23, 2014 7:39:31 AM org.apache.pdfbox.util.TestTextStripper doTestFile
INFO: Preparing to parse cweb.pdf for standard test
May 23, 2014 7:39:32 AM org.apache.pdfbox.util.TestTextStripper doTestFile
INFO: Preparing to parse cweb.pdf for sorted test
May 23, 2014 7:39:32 AM org.apache.pdfbox.util.TestTextStripper doTestFile
INFO: Preparing to parse data-000001.pdf for standard test
May 23, 2014 7:39:32 AM org.apache.pdfbox.util.TestTextStripper doTestFile
INFO: Preparing to parse data-000001.pdf for sorted test
May 23, 2014 7:39:32 AM org.apache.pdfbox.util.TestTextStripper doTestFile
INFO: Preparing to parse FC60_Times.pdf for standard test
May 23, 2014 7:39:32 AM org.apache.pdfbox.util.TestTextStripper doTestFile
INFO: Preparing to parse FC60_Times.pdf for sorted test
May 23, 2014 7:39:32 AM org.apache.pdfbox.util.TestTextStripper doTestFile
INFO: Preparing to parse hello3.pdf for standard test
May 23, 2014 7:39:33 AM org.apache.pdfbox.util.TestTextStripper doTestFile
INFO: Preparing to parse hello3.pdf for sorted test
May 23, 2014 7:39:33 AM org.apache.pdfbox.util.TestTextStripper doTestFile
INFO: Preparing to parse Liste732004001452_001_0.pdf_0_.pdf for standard test
May 23, 2014 7:39:33 AM org.apache.pdfbox.util.TestTextStripper doTestFile
INFO: Preparing to parse Liste732004001452_001_0.pdf_0_.pdf for sorted test
May 23, 2014 7:39:33 AM org.apache.pdfbox.util.TestTextStripper doTestFile
INFO: Preparing to parse openoffice-test-document.pdf for standard test
May 23, 2014 7:39:33 AM org.apache.pdfbox.util.TestTextStripper doTestFile
INFO: Preparing to parse openoffice-test-document.pdf for sorted test
May 23, 2014 7:39:33 AM org.apache.pdfbox.util.TestTextStripper doTestFile
INFO: Preparing to parse rotation.pdf for standard test
May 23, 2014 7:39:33 AM org.apache.pdfbox.util.TestTextStripper doTestFile
INFO: Preparing to parse rotation.pdf for sorted test
May 23, 2014 7:39:33 AM org.apache.pdfbox.util.TestTextStripper doTestFile
INFO: Preparing to parse sampleForSpec.pdf for standard test
May 23, 2014 7:39:33 AM org.apache.pdfbox.util.TestTextStripper doTestFile
INFO: Preparing to parse sampleForSpec.pdf for sorted test
May 23, 2014 7:39:33 AM org.apache.pdfbox.util.TestTextStripper doTestFile
INFO: Preparing to parse sample_fonts_solidconvertor.pdf for standard test
May 23, 2014 7:39:33 AM org.apache.pdfbox.util.TestTextStripper doTestFile
INFO: Preparing to parse sample_fonts_solidconvertor.pdf for sorted test
May 23, 2014 7:39:33 AM org.apache.pdfbox.util.TestTextStripper doTestFile
INFO: Preparing to parse simple-openoffice.pdf for standard test
May 23, 2014 7:39:33 AM org.apache.pdfbox.util.TestTextStripper doTestFile
INFO: Preparing to parse simple-openoffice.pdf for sorted test
May 23, 2014 7:39:33 AM org.apache.pdfbox.util.TestTextStripper doTestFile
INFO: Preparing to parse yaddatest.pdf for standard test
May 23, 2014 7:39:33 AM org.apache.pdfbox.util.TestTextStripper doTestFile
INFO: Preparing to parse yaddatest.pdf for sorted test
